Determining if the include file /usr/include/libpng/png.h exists failed with the following output:
Change Dir: /cygdrive/c/Users/Feng/Documents/Project/SPR/occam_camera/opencv-2.4.13/CMakeFiles/CMakeTmp

Run Build Command:"/usr/bin/make.exe" "cmTC_3c6cb/fast"
/usr/bin/make -f CMakeFiles/cmTC_3c6cb.dir/build.make CMakeFiles/cmTC_3c6cb.dir/build
make[1]: Entering directory '/cygdrive/c/Users/Feng/Documents/Project/SPR/occam_camera/opencv-2.4.13/CMakeFiles/CMakeTmp'
Building C object CMakeFiles/cmTC_3c6cb.dir/CheckIncludeFile.c.o
/usr/bin/cc    -fsigned-char -W -Wall -Werror=return-type -Werror=address -Werror=sequence-point -Wformat -Werror=format-security -Wmissing-declarations -Wmissing-prototypes -Wstrict-prototypes -Wundef -Winit-self -Wpointer-arith -Wshadow -Wno-narrowing -Wno-array-bounds -Wno-aggressive-loop-optimizations -fdiagnostics-show-option -Wno-long-long -pthread -fomit-frame-pointer -msse -msse2 -msse3 -ffunction-sections  -O3 -DNDEBUG   -o CMakeFiles/cmTC_3c6cb.dir/CheckIncludeFile.c.o   -c /cygdrive/c/Users/Feng/Documents/Project/SPR/occam_camera/opencv-2.4.13/CMakeFiles/CMakeTmp/CheckIncludeFile.c
/cygdrive/c/Users/Feng/Documents/Project/SPR/occam_camera/opencv-2.4.13/CMakeFiles/CMakeTmp/CheckIncludeFile.c:1:37: fatal error: /usr/include/libpng/png.h: No such file or directory
compilation terminated.
make[1]: *** [CMakeFiles/cmTC_3c6cb.dir/build.make:66: CMakeFiles/cmTC_3c6cb.dir/CheckIncludeFile.c.o] Error 1
make[1]: Leaving directory '/cygdrive/c/Users/Feng/Documents/Project/SPR/occam_camera/opencv-2.4.13/CMakeFiles/CMakeTmp'
make: *** [Makefile:126: cmTC_3c6cb/fast] Error 2


Determining if the include file linux/videodev.h exists failed with the following output:
Change Dir: /cygdrive/c/Users/Feng/Documents/Project/SPR/occam_camera/opencv-2.4.13/CMakeFiles/CMakeTmp

Run Build Command:"/usr/bin/make.exe" "cmTC_5c04b/fast"
/usr/bin/make -f CMakeFiles/cmTC_5c04b.dir/build.make CMakeFiles/cmTC_5c04b.dir/build
make[1]: Entering directory '/cygdrive/c/Users/Feng/Documents/Project/SPR/occam_camera/opencv-2.4.13/CMakeFiles/CMakeTmp'
Building C object CMakeFiles/cmTC_5c04b.dir/CheckIncludeFile.c.o
/usr/bin/cc    -fsigned-char -W -Wall -Werror=return-type -Werror=address -Werror=sequence-point -Wformat -Werror=format-security -Wmissing-declarations -Wmissing-prototypes -Wstrict-prototypes -Wundef -Winit-self -Wpointer-arith -Wshadow -Wno-narrowing -Wno-array-bounds -Wno-aggressive-loop-optimizations -fdiagnostics-show-option -Wno-long-long -pthread -fomit-frame-pointer -msse -msse2 -msse3 -ffunction-sections  -O3 -DNDEBUG   -o CMakeFiles/cmTC_5c04b.dir/CheckIncludeFile.c.o   -c /cygdrive/c/Users/Feng/Documents/Project/SPR/occam_camera/opencv-2.4.13/CMakeFiles/CMakeTmp/CheckIncludeFile.c
/cygdrive/c/Users/Feng/Documents/Project/SPR/occam_camera/opencv-2.4.13/CMakeFiles/CMakeTmp/CheckIncludeFile.c:1:28: fatal error: linux/videodev.h: No such file or directory
compilation terminated.
make[1]: *** [CMakeFiles/cmTC_5c04b.dir/build.make:66: CMakeFiles/cmTC_5c04b.dir/CheckIncludeFile.c.o] Error 1
make[1]: Leaving directory '/cygdrive/c/Users/Feng/Documents/Project/SPR/occam_camera/opencv-2.4.13/CMakeFiles/CMakeTmp'
make: *** [Makefile:126: cmTC_5c04b/fast] Error 2


Determining if the include file linux/videodev2.h exists failed with the following output:
Change Dir: /cygdrive/c/Users/Feng/Documents/Project/SPR/occam_camera/opencv-2.4.13/CMakeFiles/CMakeTmp

Run Build Command:"/usr/bin/make.exe" "cmTC_e6ad4/fast"
/usr/bin/make -f CMakeFiles/cmTC_e6ad4.dir/build.make CMakeFiles/cmTC_e6ad4.dir/build
make[1]: Entering directory '/cygdrive/c/Users/Feng/Documents/Project/SPR/occam_camera/opencv-2.4.13/CMakeFiles/CMakeTmp'
Building C object CMakeFiles/cmTC_e6ad4.dir/CheckIncludeFile.c.o
/usr/bin/cc    -fsigned-char -W -Wall -Werror=return-type -Werror=address -Werror=sequence-point -Wformat -Werror=format-security -Wmissing-declarations -Wmissing-prototypes -Wstrict-prototypes -Wundef -Winit-self -Wpointer-arith -Wshadow -Wno-narrowing -Wno-array-bounds -Wno-aggressive-loop-optimizations -fdiagnostics-show-option -Wno-long-long -pthread -fomit-frame-pointer -msse -msse2 -msse3 -ffunction-sections  -O3 -DNDEBUG   -o CMakeFiles/cmTC_e6ad4.dir/CheckIncludeFile.c.o   -c /cygdrive/c/Users/Feng/Documents/Project/SPR/occam_camera/opencv-2.4.13/CMakeFiles/CMakeTmp/CheckIncludeFile.c
/cygdrive/c/Users/Feng/Documents/Project/SPR/occam_camera/opencv-2.4.13/CMakeFiles/CMakeTmp/CheckIncludeFile.c:1:29: fatal error: linux/videodev2.h: No such file or directory
compilation terminated.
make[1]: *** [CMakeFiles/cmTC_e6ad4.dir/build.make:66: CMakeFiles/cmTC_e6ad4.dir/CheckIncludeFile.c.o] Error 1
make[1]: Leaving directory '/cygdrive/c/Users/Feng/Documents/Project/SPR/occam_camera/opencv-2.4.13/CMakeFiles/CMakeTmp'
make: *** [Makefile:126: cmTC_e6ad4/fast] Error 2


Determining if the include file sys/videoio.h exists failed with the following output:
Change Dir: /cygdrive/c/Users/Feng/Documents/Project/SPR/occam_camera/opencv-2.4.13/CMakeFiles/CMakeTmp

Run Build Command:"/usr/bin/make.exe" "cmTC_b3677/fast"
/usr/bin/make -f CMakeFiles/cmTC_b3677.dir/build.make CMakeFiles/cmTC_b3677.dir/build
make[1]: Entering directory '/cygdrive/c/Users/Feng/Documents/Project/SPR/occam_camera/opencv-2.4.13/CMakeFiles/CMakeTmp'
Building C object CMakeFiles/cmTC_b3677.dir/CheckIncludeFile.c.o
/usr/bin/cc    -fsigned-char -W -Wall -Werror=return-type -Werror=address -Werror=sequence-point -Wformat -Werror=format-security -Wmissing-declarations -Wmissing-prototypes -Wstrict-prototypes -Wundef -Winit-self -Wpointer-arith -Wshadow -Wno-narrowing -Wno-array-bounds -Wno-aggressive-loop-optimizations -fdiagnostics-show-option -Wno-long-long -pthread -fomit-frame-pointer -msse -msse2 -msse3 -ffunction-sections  -O3 -DNDEBUG   -o CMakeFiles/cmTC_b3677.dir/CheckIncludeFile.c.o   -c /cygdrive/c/Users/Feng/Documents/Project/SPR/occam_camera/opencv-2.4.13/CMakeFiles/CMakeTmp/CheckIncludeFile.c
/cygdrive/c/Users/Feng/Documents/Project/SPR/occam_camera/opencv-2.4.13/CMakeFiles/CMakeTmp/CheckIncludeFile.c:1:25: fatal error: sys/videoio.h: No such file or directory
compilation terminated.
make[1]: *** [CMakeFiles/cmTC_b3677.dir/build.make:66: CMakeFiles/cmTC_b3677.dir/CheckIncludeFile.c.o] Error 1
make[1]: Leaving directory '/cygdrive/c/Users/Feng/Documents/Project/SPR/occam_camera/opencv-2.4.13/CMakeFiles/CMakeTmp'
make: *** [Makefile:126: cmTC_b3677/fast] Error 2


Determining if the include file libavformat/avformat.h exists failed with the following output:
Change Dir: /cygdrive/c/Users/Feng/Documents/Project/SPR/occam_camera/opencv-2.4.13/CMakeFiles/CMakeTmp

Run Build Command:"/usr/bin/make.exe" "cmTC_6d9aa/fast"
/usr/bin/make -f CMakeFiles/cmTC_6d9aa.dir/build.make CMakeFiles/cmTC_6d9aa.dir/build
make[1]: Entering directory '/cygdrive/c/Users/Feng/Documents/Project/SPR/occam_camera/opencv-2.4.13/CMakeFiles/CMakeTmp'
Building C object CMakeFiles/cmTC_6d9aa.dir/CheckIncludeFile.c.o
/usr/bin/cc    -fsigned-char -W -Wall -Werror=return-type -Werror=address -Werror=sequence-point -Wformat -Werror=format-security -Wmissing-declarations -Wmissing-prototypes -Wstrict-prototypes -Wundef -Winit-self -Wpointer-arith -Wshadow -Wno-narrowing -Wno-array-bounds -Wno-aggressive-loop-optimizations -fdiagnostics-show-option -Wno-long-long -pthread -fomit-frame-pointer -msse -msse2 -msse3 -ffunction-sections  -O3 -DNDEBUG   -o CMakeFiles/cmTC_6d9aa.dir/CheckIncludeFile.c.o   -c /cygdrive/c/Users/Feng/Documents/Project/SPR/occam_camera/opencv-2.4.13/CMakeFiles/CMakeTmp/CheckIncludeFile.c
/cygdrive/c/Users/Feng/Documents/Project/SPR/occam_camera/opencv-2.4.13/CMakeFiles/CMakeTmp/CheckIncludeFile.c:1:34: fatal error: libavformat/avformat.h: No such file or directory
compilation terminated.
make[1]: *** [CMakeFiles/cmTC_6d9aa.dir/build.make:66: CMakeFiles/cmTC_6d9aa.dir/CheckIncludeFile.c.o] Error 1
make[1]: Leaving directory '/cygdrive/c/Users/Feng/Documents/Project/SPR/occam_camera/opencv-2.4.13/CMakeFiles/CMakeTmp'
make: *** [Makefile:126: cmTC_6d9aa/fast] Error 2


Determining if the include file ffmpeg/avformat.h exists failed with the following output:
Change Dir: /cygdrive/c/Users/Feng/Documents/Project/SPR/occam_camera/opencv-2.4.13/CMakeFiles/CMakeTmp

Run Build Command:"/usr/bin/make.exe" "cmTC_695b3/fast"
/usr/bin/make -f CMakeFiles/cmTC_695b3.dir/build.make CMakeFiles/cmTC_695b3.dir/build
make[1]: Entering directory '/cygdrive/c/Users/Feng/Documents/Project/SPR/occam_camera/opencv-2.4.13/CMakeFiles/CMakeTmp'
Building C object CMakeFiles/cmTC_695b3.dir/CheckIncludeFile.c.o
/usr/bin/cc    -fsigned-char -W -Wall -Werror=return-type -Werror=address -Werror=sequence-point -Wformat -Werror=format-security -Wmissing-declarations -Wmissing-prototypes -Wstrict-prototypes -Wundef -Winit-self -Wpointer-arith -Wshadow -Wno-narrowing -Wno-array-bounds -Wno-aggressive-loop-optimizations -fdiagnostics-show-option -Wno-long-long -pthread -fomit-frame-pointer -msse -msse2 -msse3 -ffunction-sections  -O3 -DNDEBUG   -o CMakeFiles/cmTC_695b3.dir/CheckIncludeFile.c.o   -c /cygdrive/c/Users/Feng/Documents/Project/SPR/occam_camera/opencv-2.4.13/CMakeFiles/CMakeTmp/CheckIncludeFile.c
/cygdrive/c/Users/Feng/Documents/Project/SPR/occam_camera/opencv-2.4.13/CMakeFiles/CMakeTmp/CheckIncludeFile.c:1:29: fatal error: ffmpeg/avformat.h: No such file or directory
compilation terminated.
make[1]: *** [CMakeFiles/cmTC_695b3.dir/build.make:66: CMakeFiles/cmTC_695b3.dir/CheckIncludeFile.c.o] Error 1
make[1]: Leaving directory '/cygdrive/c/Users/Feng/Documents/Project/SPR/occam_camera/opencv-2.4.13/CMakeFiles/CMakeTmp'
make: *** [Makefile:126: cmTC_695b3/fast] Error 2


Determining if the include file linux/videodev.h exists failed with the following output:
Change Dir: /cygdrive/c/Users/Feng/Documents/Project/SPR/occam_camera/opencv-2.4.13/CMakeFiles/CMakeTmp

Run Build Command:"/usr/bin/make.exe" "cmTC_cde76/fast"
/usr/bin/make -f CMakeFiles/cmTC_cde76.dir/build.make CMakeFiles/cmTC_cde76.dir/build
make[1]: Entering directory '/cygdrive/c/Users/Feng/Documents/Project/SPR/occam_camera/opencv-2.4.13/CMakeFiles/CMakeTmp'
Building C object CMakeFiles/cmTC_cde76.dir/CheckIncludeFile.c.o
/usr/bin/cc    -fsigned-char -W -Wall -Werror=return-type -Werror=address -Werror=sequence-point -Wformat -Werror=format-security -Wmissing-declarations -Wmissing-prototypes -Wstrict-prototypes -Wundef -Winit-self -Wpointer-arith -Wshadow -Wno-narrowing -Wno-array-bounds -Wno-aggressive-loop-optimizations -fdiagnostics-show-option -Wno-long-long -pthread -fomit-frame-pointer -msse -msse2 -msse3 -ffunction-sections  -O3 -DNDEBUG   -o CMakeFiles/cmTC_cde76.dir/CheckIncludeFile.c.o   -c /cygdrive/c/Users/Feng/Documents/Project/SPR/occam_camera/opencv-2.4.13/CMakeFiles/CMakeTmp/CheckIncludeFile.c
/cygdrive/c/Users/Feng/Documents/Project/SPR/occam_camera/opencv-2.4.13/CMakeFiles/CMakeTmp/CheckIncludeFile.c:1:28: fatal error: linux/videodev.h: No such file or directory
compilation terminated.
make[1]: *** [CMakeFiles/cmTC_cde76.dir/build.make:66: CMakeFiles/cmTC_cde76.dir/CheckIncludeFile.c.o] Error 1
make[1]: Leaving directory '/cygdrive/c/Users/Feng/Documents/Project/SPR/occam_camera/opencv-2.4.13/CMakeFiles/CMakeTmp'
make: *** [Makefile:126: cmTC_cde76/fast] Error 2


Determining if the include file linux/videodev2.h exists failed with the following output:
Change Dir: /cygdrive/c/Users/Feng/Documents/Project/SPR/occam_camera/opencv-2.4.13/CMakeFiles/CMakeTmp

Run Build Command:"/usr/bin/make.exe" "cmTC_3964e/fast"
/usr/bin/make -f CMakeFiles/cmTC_3964e.dir/build.make CMakeFiles/cmTC_3964e.dir/build
make[1]: Entering directory '/cygdrive/c/Users/Feng/Documents/Project/SPR/occam_camera/opencv-2.4.13/CMakeFiles/CMakeTmp'
Building C object CMakeFiles/cmTC_3964e.dir/CheckIncludeFile.c.o
/usr/bin/cc    -fsigned-char -W -Wall -Werror=return-type -Werror=address -Werror=sequence-point -Wformat -Werror=format-security -Wmissing-declarations -Wmissing-prototypes -Wstrict-prototypes -Wundef -Winit-self -Wpointer-arith -Wshadow -Wno-narrowing -Wno-array-bounds -Wno-aggressive-loop-optimizations -fdiagnostics-show-option -Wno-long-long -pthread -fomit-frame-pointer -msse -msse2 -msse3 -ffunction-sections  -O3 -DNDEBUG   -o CMakeFiles/cmTC_3964e.dir/CheckIncludeFile.c.o   -c /cygdrive/c/Users/Feng/Documents/Project/SPR/occam_camera/opencv-2.4.13/CMakeFiles/CMakeTmp/CheckIncludeFile.c
/cygdrive/c/Users/Feng/Documents/Project/SPR/occam_camera/opencv-2.4.13/CMakeFiles/CMakeTmp/CheckIncludeFile.c:1:29: fatal error: linux/videodev2.h: No such file or directory
compilation terminated.
make[1]: *** [CMakeFiles/cmTC_3964e.dir/build.make:66: CMakeFiles/cmTC_3964e.dir/CheckIncludeFile.c.o] Error 1
make[1]: Leaving directory '/cygdrive/c/Users/Feng/Documents/Project/SPR/occam_camera/opencv-2.4.13/CMakeFiles/CMakeTmp'
make: *** [Makefile:126: cmTC_3964e/fast] Error 2


Determining if the include file sys/videoio.h exists failed with the following output:
Change Dir: /cygdrive/c/Users/Feng/Documents/Project/SPR/occam_camera/opencv-2.4.13/CMakeFiles/CMakeTmp

Run Build Command:"/usr/bin/make.exe" "cmTC_09c8d/fast"
/usr/bin/make -f CMakeFiles/cmTC_09c8d.dir/build.make CMakeFiles/cmTC_09c8d.dir/build
make[1]: Entering directory '/cygdrive/c/Users/Feng/Documents/Project/SPR/occam_camera/opencv-2.4.13/CMakeFiles/CMakeTmp'
Building C object CMakeFiles/cmTC_09c8d.dir/CheckIncludeFile.c.o
/usr/bin/cc    -fsigned-char -W -Wall -Werror=return-type -Werror=address -Werror=sequence-point -Wformat -Werror=format-security -Wmissing-declarations -Wmissing-prototypes -Wstrict-prototypes -Wundef -Winit-self -Wpointer-arith -Wshadow -Wno-narrowing -Wno-array-bounds -Wno-aggressive-loop-optimizations -fdiagnostics-show-option -Wno-long-long -pthread -fomit-frame-pointer -msse -msse2 -msse3 -ffunction-sections  -O3 -DNDEBUG   -o CMakeFiles/cmTC_09c8d.dir/CheckIncludeFile.c.o   -c /cygdrive/c/Users/Feng/Documents/Project/SPR/occam_camera/opencv-2.4.13/CMakeFiles/CMakeTmp/CheckIncludeFile.c
/cygdrive/c/Users/Feng/Documents/Project/SPR/occam_camera/opencv-2.4.13/CMakeFiles/CMakeTmp/CheckIncludeFile.c:1:25: fatal error: sys/videoio.h: No such file or directory
compilation terminated.
make[1]: *** [CMakeFiles/cmTC_09c8d.dir/build.make:66: CMakeFiles/cmTC_09c8d.dir/CheckIncludeFile.c.o] Error 1
make[1]: Leaving directory '/cygdrive/c/Users/Feng/Documents/Project/SPR/occam_camera/opencv-2.4.13/CMakeFiles/CMakeTmp'
make: *** [Makefile:126: cmTC_09c8d/fast] Error 2


Determining if the include file libavformat/avformat.h exists failed with the following output:
Change Dir: /cygdrive/c/Users/Feng/Documents/Project/SPR/occam_camera/opencv-2.4.13/CMakeFiles/CMakeTmp

Run Build Command:"/usr/bin/make.exe" "cmTC_0f577/fast"
/usr/bin/make -f CMakeFiles/cmTC_0f577.dir/build.make CMakeFiles/cmTC_0f577.dir/build
make[1]: Entering directory '/cygdrive/c/Users/Feng/Documents/Project/SPR/occam_camera/opencv-2.4.13/CMakeFiles/CMakeTmp'
Building C object CMakeFiles/cmTC_0f577.dir/CheckIncludeFile.c.o
/usr/bin/cc    -fsigned-char -W -Wall -Werror=return-type -Werror=address -Werror=sequence-point -Wformat -Werror=format-security -Wmissing-declarations -Wmissing-prototypes -Wstrict-prototypes -Wundef -Winit-self -Wpointer-arith -Wshadow -Wno-narrowing -Wno-array-bounds -Wno-aggressive-loop-optimizations -fdiagnostics-show-option -Wno-long-long -pthread -fomit-frame-pointer -msse -msse2 -msse3 -ffunction-sections  -O3 -DNDEBUG   -o CMakeFiles/cmTC_0f577.dir/CheckIncludeFile.c.o   -c /cygdrive/c/Users/Feng/Documents/Project/SPR/occam_camera/opencv-2.4.13/CMakeFiles/CMakeTmp/CheckIncludeFile.c
/cygdrive/c/Users/Feng/Documents/Project/SPR/occam_camera/opencv-2.4.13/CMakeFiles/CMakeTmp/CheckIncludeFile.c:1:34: fatal error: libavformat/avformat.h: No such file or directory
compilation terminated.
make[1]: *** [CMakeFiles/cmTC_0f577.dir/build.make:66: CMakeFiles/cmTC_0f577.dir/CheckIncludeFile.c.o] Error 1
make[1]: Leaving directory '/cygdrive/c/Users/Feng/Documents/Project/SPR/occam_camera/opencv-2.4.13/CMakeFiles/CMakeTmp'
make: *** [Makefile:126: cmTC_0f577/fast] Error 2


Determining if the include file ffmpeg/avformat.h exists failed with the following output:
Change Dir: /cygdrive/c/Users/Feng/Documents/Project/SPR/occam_camera/opencv-2.4.13/CMakeFiles/CMakeTmp

Run Build Command:"/usr/bin/make.exe" "cmTC_88519/fast"
/usr/bin/make -f CMakeFiles/cmTC_88519.dir/build.make CMakeFiles/cmTC_88519.dir/build
make[1]: Entering directory '/cygdrive/c/Users/Feng/Documents/Project/SPR/occam_camera/opencv-2.4.13/CMakeFiles/CMakeTmp'
Building C object CMakeFiles/cmTC_88519.dir/CheckIncludeFile.c.o
/usr/bin/cc    -fsigned-char -W -Wall -Werror=return-type -Werror=address -Werror=sequence-point -Wformat -Werror=format-security -Wmissing-declarations -Wmissing-prototypes -Wstrict-prototypes -Wundef -Winit-self -Wpointer-arith -Wshadow -Wno-narrowing -Wno-array-bounds -Wno-aggressive-loop-optimizations -fdiagnostics-show-option -Wno-long-long -pthread -fomit-frame-pointer -msse -msse2 -msse3 -ffunction-sections  -O3 -DNDEBUG   -o CMakeFiles/cmTC_88519.dir/CheckIncludeFile.c.o   -c /cygdrive/c/Users/Feng/Documents/Project/SPR/occam_camera/opencv-2.4.13/CMakeFiles/CMakeTmp/CheckIncludeFile.c
/cygdrive/c/Users/Feng/Documents/Project/SPR/occam_camera/opencv-2.4.13/CMakeFiles/CMakeTmp/CheckIncludeFile.c:1:29: fatal error: ffmpeg/avformat.h: No such file or directory
compilation terminated.
make[1]: *** [CMakeFiles/cmTC_88519.dir/build.make:66: CMakeFiles/cmTC_88519.dir/CheckIncludeFile.c.o] Error 1
make[1]: Leaving directory '/cygdrive/c/Users/Feng/Documents/Project/SPR/occam_camera/opencv-2.4.13/CMakeFiles/CMakeTmp'
make: *** [Makefile:126: cmTC_88519/fast] Error 2


Determining if the include file linux/videodev.h exists failed with the following output:
Change Dir: /cygdrive/c/Users/Feng/Documents/Project/SPR/occam_camera/opencv-2.4.13/CMakeFiles/CMakeTmp

Run Build Command:"/usr/bin/make.exe" "cmTC_d9db9/fast"
/usr/bin/make -f CMakeFiles/cmTC_d9db9.dir/build.make CMakeFiles/cmTC_d9db9.dir/build
make[1]: Entering directory '/cygdrive/c/Users/Feng/Documents/Project/SPR/occam_camera/opencv-2.4.13/CMakeFiles/CMakeTmp'
Building C object CMakeFiles/cmTC_d9db9.dir/CheckIncludeFile.c.o
/usr/bin/cc    -fsigned-char -W -Wall -Werror=return-type -Werror=address -Werror=sequence-point -Wformat -Werror=format-security -Wmissing-declarations -Wmissing-prototypes -Wstrict-prototypes -Wundef -Winit-self -Wpointer-arith -Wshadow -Wno-narrowing -Wno-array-bounds -Wno-aggressive-loop-optimizations -fdiagnostics-show-option -Wno-long-long -pthread -fomit-frame-pointer -msse -msse2 -msse3 -ffunction-sections  -O3 -DNDEBUG   -o CMakeFiles/cmTC_d9db9.dir/CheckIncludeFile.c.o   -c /cygdrive/c/Users/Feng/Documents/Project/SPR/occam_camera/opencv-2.4.13/CMakeFiles/CMakeTmp/CheckIncludeFile.c
/cygdrive/c/Users/Feng/Documents/Project/SPR/occam_camera/opencv-2.4.13/CMakeFiles/CMakeTmp/CheckIncludeFile.c:1:28: fatal error: linux/videodev.h: No such file or directory
compilation terminated.
make[1]: *** [CMakeFiles/cmTC_d9db9.dir/build.make:66: CMakeFiles/cmTC_d9db9.dir/CheckIncludeFile.c.o] Error 1
make[1]: Leaving directory '/cygdrive/c/Users/Feng/Documents/Project/SPR/occam_camera/opencv-2.4.13/CMakeFiles/CMakeTmp'
make: *** [Makefile:126: cmTC_d9db9/fast] Error 2


Determining if the include file linux/videodev2.h exists failed with the following output:
Change Dir: /cygdrive/c/Users/Feng/Documents/Project/SPR/occam_camera/opencv-2.4.13/CMakeFiles/CMakeTmp

Run Build Command:"/usr/bin/make.exe" "cmTC_8406f/fast"
/usr/bin/make -f CMakeFiles/cmTC_8406f.dir/build.make CMakeFiles/cmTC_8406f.dir/build
make[1]: Entering directory '/cygdrive/c/Users/Feng/Documents/Project/SPR/occam_camera/opencv-2.4.13/CMakeFiles/CMakeTmp'
Building C object CMakeFiles/cmTC_8406f.dir/CheckIncludeFile.c.o
/usr/bin/cc    -fsigned-char -W -Wall -Werror=return-type -Werror=address -Werror=sequence-point -Wformat -Werror=format-security -Wmissing-declarations -Wmissing-prototypes -Wstrict-prototypes -Wundef -Winit-self -Wpointer-arith -Wshadow -Wno-narrowing -Wno-array-bounds -Wno-aggressive-loop-optimizations -fdiagnostics-show-option -Wno-long-long -pthread -fomit-frame-pointer -msse -msse2 -msse3 -ffunction-sections  -O3 -DNDEBUG   -o CMakeFiles/cmTC_8406f.dir/CheckIncludeFile.c.o   -c /cygdrive/c/Users/Feng/Documents/Project/SPR/occam_camera/opencv-2.4.13/CMakeFiles/CMakeTmp/CheckIncludeFile.c
/cygdrive/c/Users/Feng/Documents/Project/SPR/occam_camera/opencv-2.4.13/CMakeFiles/CMakeTmp/CheckIncludeFile.c:1:29: fatal error: linux/videodev2.h: No such file or directory
compilation terminated.
make[1]: *** [CMakeFiles/cmTC_8406f.dir/build.make:66: CMakeFiles/cmTC_8406f.dir/CheckIncludeFile.c.o] Error 1
make[1]: Leaving directory '/cygdrive/c/Users/Feng/Documents/Project/SPR/occam_camera/opencv-2.4.13/CMakeFiles/CMakeTmp'
make: *** [Makefile:126: cmTC_8406f/fast] Error 2


Determining if the include file sys/videoio.h exists failed with the following output:
Change Dir: /cygdrive/c/Users/Feng/Documents/Project/SPR/occam_camera/opencv-2.4.13/CMakeFiles/CMakeTmp

Run Build Command:"/usr/bin/make.exe" "cmTC_5dfc9/fast"
/usr/bin/make -f CMakeFiles/cmTC_5dfc9.dir/build.make CMakeFiles/cmTC_5dfc9.dir/build
make[1]: Entering directory '/cygdrive/c/Users/Feng/Documents/Project/SPR/occam_camera/opencv-2.4.13/CMakeFiles/CMakeTmp'
Building C object CMakeFiles/cmTC_5dfc9.dir/CheckIncludeFile.c.o
/usr/bin/cc    -fsigned-char -W -Wall -Werror=return-type -Werror=address -Werror=sequence-point -Wformat -Werror=format-security -Wmissing-declarations -Wmissing-prototypes -Wstrict-prototypes -Wundef -Winit-self -Wpointer-arith -Wshadow -Wno-narrowing -Wno-array-bounds -Wno-aggressive-loop-optimizations -fdiagnostics-show-option -Wno-long-long -pthread -fomit-frame-pointer -msse -msse2 -msse3 -ffunction-sections  -O3 -DNDEBUG   -o CMakeFiles/cmTC_5dfc9.dir/CheckIncludeFile.c.o   -c /cygdrive/c/Users/Feng/Documents/Project/SPR/occam_camera/opencv-2.4.13/CMakeFiles/CMakeTmp/CheckIncludeFile.c
/cygdrive/c/Users/Feng/Documents/Project/SPR/occam_camera/opencv-2.4.13/CMakeFiles/CMakeTmp/CheckIncludeFile.c:1:25: fatal error: sys/videoio.h: No such file or directory
compilation terminated.
make[1]: *** [CMakeFiles/cmTC_5dfc9.dir/build.make:66: CMakeFiles/cmTC_5dfc9.dir/CheckIncludeFile.c.o] Error 1
make[1]: Leaving directory '/cygdrive/c/Users/Feng/Documents/Project/SPR/occam_camera/opencv-2.4.13/CMakeFiles/CMakeTmp'
make: *** [Makefile:126: cmTC_5dfc9/fast] Error 2


Determining if the include file libavformat/avformat.h exists failed with the following output:
Change Dir: /cygdrive/c/Users/Feng/Documents/Project/SPR/occam_camera/opencv-2.4.13/CMakeFiles/CMakeTmp

Run Build Command:"/usr/bin/make.exe" "cmTC_fe7dd/fast"
/usr/bin/make -f CMakeFiles/cmTC_fe7dd.dir/build.make CMakeFiles/cmTC_fe7dd.dir/build
make[1]: Entering directory '/cygdrive/c/Users/Feng/Documents/Project/SPR/occam_camera/opencv-2.4.13/CMakeFiles/CMakeTmp'
Building C object CMakeFiles/cmTC_fe7dd.dir/CheckIncludeFile.c.o
/usr/bin/cc    -fsigned-char -W -Wall -Werror=return-type -Werror=address -Werror=sequence-point -Wformat -Werror=format-security -Wmissing-declarations -Wmissing-prototypes -Wstrict-prototypes -Wundef -Winit-self -Wpointer-arith -Wshadow -Wno-narrowing -Wno-array-bounds -Wno-aggressive-loop-optimizations -fdiagnostics-show-option -Wno-long-long -pthread -fomit-frame-pointer -msse -msse2 -msse3 -ffunction-sections  -O3 -DNDEBUG   -o CMakeFiles/cmTC_fe7dd.dir/CheckIncludeFile.c.o   -c /cygdrive/c/Users/Feng/Documents/Project/SPR/occam_camera/opencv-2.4.13/CMakeFiles/CMakeTmp/CheckIncludeFile.c
/cygdrive/c/Users/Feng/Documents/Project/SPR/occam_camera/opencv-2.4.13/CMakeFiles/CMakeTmp/CheckIncludeFile.c:1:34: fatal error: libavformat/avformat.h: No such file or directory
compilation terminated.
make[1]: *** [CMakeFiles/cmTC_fe7dd.dir/build.make:66: CMakeFiles/cmTC_fe7dd.dir/CheckIncludeFile.c.o] Error 1
make[1]: Leaving directory '/cygdrive/c/Users/Feng/Documents/Project/SPR/occam_camera/opencv-2.4.13/CMakeFiles/CMakeTmp'
make: *** [Makefile:126: cmTC_fe7dd/fast] Error 2


Determining if the include file ffmpeg/avformat.h exists failed with the following output:
Change Dir: /cygdrive/c/Users/Feng/Documents/Project/SPR/occam_camera/opencv-2.4.13/CMakeFiles/CMakeTmp

Run Build Command:"/usr/bin/make.exe" "cmTC_9e270/fast"
/usr/bin/make -f CMakeFiles/cmTC_9e270.dir/build.make CMakeFiles/cmTC_9e270.dir/build
make[1]: Entering directory '/cygdrive/c/Users/Feng/Documents/Project/SPR/occam_camera/opencv-2.4.13/CMakeFiles/CMakeTmp'
Building C object CMakeFiles/cmTC_9e270.dir/CheckIncludeFile.c.o
/usr/bin/cc    -fsigned-char -W -Wall -Werror=return-type -Werror=address -Werror=sequence-point -Wformat -Werror=format-security -Wmissing-declarations -Wmissing-prototypes -Wstrict-prototypes -Wundef -Winit-self -Wpointer-arith -Wshadow -Wno-narrowing -Wno-array-bounds -Wno-aggressive-loop-optimizations -fdiagnostics-show-option -Wno-long-long -pthread -fomit-frame-pointer -msse -msse2 -msse3 -ffunction-sections  -O3 -DNDEBUG   -o CMakeFiles/cmTC_9e270.dir/CheckIncludeFile.c.o   -c /cygdrive/c/Users/Feng/Documents/Project/SPR/occam_camera/opencv-2.4.13/CMakeFiles/CMakeTmp/CheckIncludeFile.c
/cygdrive/c/Users/Feng/Documents/Project/SPR/occam_camera/opencv-2.4.13/CMakeFiles/CMakeTmp/CheckIncludeFile.c:1:29: fatal error: ffmpeg/avformat.h: No such file or directory
compilation terminated.
make[1]: *** [CMakeFiles/cmTC_9e270.dir/build.make:66: CMakeFiles/cmTC_9e270.dir/CheckIncludeFile.c.o] Error 1
make[1]: Leaving directory '/cygdrive/c/Users/Feng/Documents/Project/SPR/occam_camera/opencv-2.4.13/CMakeFiles/CMakeTmp'
make: *** [Makefile:126: cmTC_9e270/fast] Error 2


Determining if the include file linux/videodev.h exists failed with the following output:
Change Dir: /cygdrive/c/Users/Feng/Documents/Project/SPR/occam_camera/opencv-2.4.13/CMakeFiles/CMakeTmp

Run Build Command:"/usr/bin/make.exe" "cmTC_2b0a8/fast"
/usr/bin/make -f CMakeFiles/cmTC_2b0a8.dir/build.make CMakeFiles/cmTC_2b0a8.dir/build
make[1]: Entering directory '/cygdrive/c/Users/Feng/Documents/Project/SPR/occam_camera/opencv-2.4.13/CMakeFiles/CMakeTmp'
Building C object CMakeFiles/cmTC_2b0a8.dir/CheckIncludeFile.c.o
/usr/bin/cc    -fsigned-char -W -Wall -Werror=return-type -Werror=address -Werror=sequence-point -Wformat -Werror=format-security -Wmissing-declarations -Wmissing-prototypes -Wstrict-prototypes -Wundef -Winit-self -Wpointer-arith -Wshadow -Wno-narrowing -Wno-array-bounds -Wno-aggressive-loop-optimizations -fdiagnostics-show-option -Wno-long-long -pthread -fomit-frame-pointer -msse -msse2 -msse3 -ffunction-sections  -O3 -DNDEBUG   -o CMakeFiles/cmTC_2b0a8.dir/CheckIncludeFile.c.o   -c /cygdrive/c/Users/Feng/Documents/Project/SPR/occam_camera/opencv-2.4.13/CMakeFiles/CMakeTmp/CheckIncludeFile.c
/cygdrive/c/Users/Feng/Documents/Project/SPR/occam_camera/opencv-2.4.13/CMakeFiles/CMakeTmp/CheckIncludeFile.c:1:28: fatal error: linux/videodev.h: No such file or directory
compilation terminated.
make[1]: *** [CMakeFiles/cmTC_2b0a8.dir/build.make:66: CMakeFiles/cmTC_2b0a8.dir/CheckIncludeFile.c.o] Error 1
make[1]: Leaving directory '/cygdrive/c/Users/Feng/Documents/Project/SPR/occam_camera/opencv-2.4.13/CMakeFiles/CMakeTmp'
make: *** [Makefile:126: cmTC_2b0a8/fast] Error 2


Determining if the include file linux/videodev2.h exists failed with the following output:
Change Dir: /cygdrive/c/Users/Feng/Documents/Project/SPR/occam_camera/opencv-2.4.13/CMakeFiles/CMakeTmp

Run Build Command:"/usr/bin/make.exe" "cmTC_f81b3/fast"
/usr/bin/make -f CMakeFiles/cmTC_f81b3.dir/build.make CMakeFiles/cmTC_f81b3.dir/build
make[1]: Entering directory '/cygdrive/c/Users/Feng/Documents/Project/SPR/occam_camera/opencv-2.4.13/CMakeFiles/CMakeTmp'
Building C object CMakeFiles/cmTC_f81b3.dir/CheckIncludeFile.c.o
/usr/bin/cc    -fsigned-char -W -Wall -Werror=return-type -Werror=address -Werror=sequence-point -Wformat -Werror=format-security -Wmissing-declarations -Wmissing-prototypes -Wstrict-prototypes -Wundef -Winit-self -Wpointer-arith -Wshadow -Wno-narrowing -Wno-array-bounds -Wno-aggressive-loop-optimizations -fdiagnostics-show-option -Wno-long-long -pthread -fomit-frame-pointer -msse -msse2 -msse3 -ffunction-sections  -O3 -DNDEBUG   -o CMakeFiles/cmTC_f81b3.dir/CheckIncludeFile.c.o   -c /cygdrive/c/Users/Feng/Documents/Project/SPR/occam_camera/opencv-2.4.13/CMakeFiles/CMakeTmp/CheckIncludeFile.c
/cygdrive/c/Users/Feng/Documents/Project/SPR/occam_camera/opencv-2.4.13/CMakeFiles/CMakeTmp/CheckIncludeFile.c:1:29: fatal error: linux/videodev2.h: No such file or directory
compilation terminated.
make[1]: *** [CMakeFiles/cmTC_f81b3.dir/build.make:66: CMakeFiles/cmTC_f81b3.dir/CheckIncludeFile.c.o] Error 1
make[1]: Leaving directory '/cygdrive/c/Users/Feng/Documents/Project/SPR/occam_camera/opencv-2.4.13/CMakeFiles/CMakeTmp'
make: *** [Makefile:126: cmTC_f81b3/fast] Error 2


Determining if the include file sys/videoio.h exists failed with the following output:
Change Dir: /cygdrive/c/Users/Feng/Documents/Project/SPR/occam_camera/opencv-2.4.13/CMakeFiles/CMakeTmp

Run Build Command:"/usr/bin/make.exe" "cmTC_b6676/fast"
/usr/bin/make -f CMakeFiles/cmTC_b6676.dir/build.make CMakeFiles/cmTC_b6676.dir/build
make[1]: Entering directory '/cygdrive/c/Users/Feng/Documents/Project/SPR/occam_camera/opencv-2.4.13/CMakeFiles/CMakeTmp'
Building C object CMakeFiles/cmTC_b6676.dir/CheckIncludeFile.c.o
/usr/bin/cc    -fsigned-char -W -Wall -Werror=return-type -Werror=address -Werror=sequence-point -Wformat -Werror=format-security -Wmissing-declarations -Wmissing-prototypes -Wstrict-prototypes -Wundef -Winit-self -Wpointer-arith -Wshadow -Wno-narrowing -Wno-array-bounds -Wno-aggressive-loop-optimizations -fdiagnostics-show-option -Wno-long-long -pthread -fomit-frame-pointer -msse -msse2 -msse3 -ffunction-sections  -O3 -DNDEBUG   -o CMakeFiles/cmTC_b6676.dir/CheckIncludeFile.c.o   -c /cygdrive/c/Users/Feng/Documents/Project/SPR/occam_camera/opencv-2.4.13/CMakeFiles/CMakeTmp/CheckIncludeFile.c
/cygdrive/c/Users/Feng/Documents/Project/SPR/occam_camera/opencv-2.4.13/CMakeFiles/CMakeTmp/CheckIncludeFile.c:1:25: fatal error: sys/videoio.h: No such file or directory
compilation terminated.
make[1]: *** [CMakeFiles/cmTC_b6676.dir/build.make:66: CMakeFiles/cmTC_b6676.dir/CheckIncludeFile.c.o] Error 1
make[1]: Leaving directory '/cygdrive/c/Users/Feng/Documents/Project/SPR/occam_camera/opencv-2.4.13/CMakeFiles/CMakeTmp'
make: *** [Makefile:126: cmTC_b6676/fast] Error 2


Determining if the include file libavformat/avformat.h exists failed with the following output:
Change Dir: /cygdrive/c/Users/Feng/Documents/Project/SPR/occam_camera/opencv-2.4.13/CMakeFiles/CMakeTmp

Run Build Command:"/usr/bin/make.exe" "cmTC_d1391/fast"
/usr/bin/make -f CMakeFiles/cmTC_d1391.dir/build.make CMakeFiles/cmTC_d1391.dir/build
make[1]: Entering directory '/cygdrive/c/Users/Feng/Documents/Project/SPR/occam_camera/opencv-2.4.13/CMakeFiles/CMakeTmp'
Building C object CMakeFiles/cmTC_d1391.dir/CheckIncludeFile.c.o
/usr/bin/cc    -fsigned-char -W -Wall -Werror=return-type -Werror=address -Werror=sequence-point -Wformat -Werror=format-security -Wmissing-declarations -Wmissing-prototypes -Wstrict-prototypes -Wundef -Winit-self -Wpointer-arith -Wshadow -Wno-narrowing -Wno-array-bounds -Wno-aggressive-loop-optimizations -fdiagnostics-show-option -Wno-long-long -pthread -fomit-frame-pointer -msse -msse2 -msse3 -ffunction-sections  -O3 -DNDEBUG   -o CMakeFiles/cmTC_d1391.dir/CheckIncludeFile.c.o   -c /cygdrive/c/Users/Feng/Documents/Project/SPR/occam_camera/opencv-2.4.13/CMakeFiles/CMakeTmp/CheckIncludeFile.c
/cygdrive/c/Users/Feng/Documents/Project/SPR/occam_camera/opencv-2.4.13/CMakeFiles/CMakeTmp/CheckIncludeFile.c:1:34: fatal error: libavformat/avformat.h: No such file or directory
compilation terminated.
make[1]: *** [CMakeFiles/cmTC_d1391.dir/build.make:66: CMakeFiles/cmTC_d1391.dir/CheckIncludeFile.c.o] Error 1
make[1]: Leaving directory '/cygdrive/c/Users/Feng/Documents/Project/SPR/occam_camera/opencv-2.4.13/CMakeFiles/CMakeTmp'
make: *** [Makefile:126: cmTC_d1391/fast] Error 2


Determining if the include file ffmpeg/avformat.h exists failed with the following output:
Change Dir: /cygdrive/c/Users/Feng/Documents/Project/SPR/occam_camera/opencv-2.4.13/CMakeFiles/CMakeTmp

Run Build Command:"/usr/bin/make.exe" "cmTC_8aed2/fast"
/usr/bin/make -f CMakeFiles/cmTC_8aed2.dir/build.make CMakeFiles/cmTC_8aed2.dir/build
make[1]: Entering directory '/cygdrive/c/Users/Feng/Documents/Project/SPR/occam_camera/opencv-2.4.13/CMakeFiles/CMakeTmp'
Building C object CMakeFiles/cmTC_8aed2.dir/CheckIncludeFile.c.o
/usr/bin/cc    -fsigned-char -W -Wall -Werror=return-type -Werror=address -Werror=sequence-point -Wformat -Werror=format-security -Wmissing-declarations -Wmissing-prototypes -Wstrict-prototypes -Wundef -Winit-self -Wpointer-arith -Wshadow -Wno-narrowing -Wno-array-bounds -Wno-aggressive-loop-optimizations -fdiagnostics-show-option -Wno-long-long -pthread -fomit-frame-pointer -msse -msse2 -msse3 -ffunction-sections  -O3 -DNDEBUG   -o CMakeFiles/cmTC_8aed2.dir/CheckIncludeFile.c.o   -c /cygdrive/c/Users/Feng/Documents/Project/SPR/occam_camera/opencv-2.4.13/CMakeFiles/CMakeTmp/CheckIncludeFile.c
/cygdrive/c/Users/Feng/Documents/Project/SPR/occam_camera/opencv-2.4.13/CMakeFiles/CMakeTmp/CheckIncludeFile.c:1:29: fatal error: ffmpeg/avformat.h: No such file or directory
compilation terminated.
make[1]: *** [CMakeFiles/cmTC_8aed2.dir/build.make:66: CMakeFiles/cmTC_8aed2.dir/CheckIncludeFile.c.o] Error 1
make[1]: Leaving directory '/cygdrive/c/Users/Feng/Documents/Project/SPR/occam_camera/opencv-2.4.13/CMakeFiles/CMakeTmp'
make: *** [Makefile:126: cmTC_8aed2/fast] Error 2


Determining if the include file linux/videodev.h exists failed with the following output:
Change Dir: /cygdrive/c/Users/Feng/Documents/Project/SPR/occam_camera/opencv-2.4.13/CMakeFiles/CMakeTmp

Run Build Command:"/usr/bin/make.exe" "cmTC_e9d87/fast"
/usr/bin/make -f CMakeFiles/cmTC_e9d87.dir/build.make CMakeFiles/cmTC_e9d87.dir/build
make[1]: Entering directory '/cygdrive/c/Users/Feng/Documents/Project/SPR/occam_camera/opencv-2.4.13/CMakeFiles/CMakeTmp'
Building C object CMakeFiles/cmTC_e9d87.dir/CheckIncludeFile.c.o
/usr/bin/cc    -fsigned-char -W -Wall -Werror=return-type -Werror=address -Werror=sequence-point -Wformat -Werror=format-security -Wmissing-declarations -Wmissing-prototypes -Wstrict-prototypes -Wundef -Winit-self -Wpointer-arith -Wshadow -Wno-narrowing -Wno-array-bounds -Wno-aggressive-loop-optimizations -fdiagnostics-show-option -Wno-long-long -pthread -fomit-frame-pointer -msse -msse2 -msse3 -ffunction-sections  -O3 -DNDEBUG   -o CMakeFiles/cmTC_e9d87.dir/CheckIncludeFile.c.o   -c /cygdrive/c/Users/Feng/Documents/Project/SPR/occam_camera/opencv-2.4.13/CMakeFiles/CMakeTmp/CheckIncludeFile.c
/cygdrive/c/Users/Feng/Documents/Project/SPR/occam_camera/opencv-2.4.13/CMakeFiles/CMakeTmp/CheckIncludeFile.c:1:28: fatal error: linux/videodev.h: No such file or directory
compilation terminated.
make[1]: *** [CMakeFiles/cmTC_e9d87.dir/build.make:66: CMakeFiles/cmTC_e9d87.dir/CheckIncludeFile.c.o] Error 1
make[1]: Leaving directory '/cygdrive/c/Users/Feng/Documents/Project/SPR/occam_camera/opencv-2.4.13/CMakeFiles/CMakeTmp'
make: *** [Makefile:126: cmTC_e9d87/fast] Error 2


Determining if the include file linux/videodev2.h exists failed with the following output:
Change Dir: /cygdrive/c/Users/Feng/Documents/Project/SPR/occam_camera/opencv-2.4.13/CMakeFiles/CMakeTmp

Run Build Command:"/usr/bin/make.exe" "cmTC_d5c16/fast"
/usr/bin/make -f CMakeFiles/cmTC_d5c16.dir/build.make CMakeFiles/cmTC_d5c16.dir/build
make[1]: Entering directory '/cygdrive/c/Users/Feng/Documents/Project/SPR/occam_camera/opencv-2.4.13/CMakeFiles/CMakeTmp'
Building C object CMakeFiles/cmTC_d5c16.dir/CheckIncludeFile.c.o
/usr/bin/cc    -fsigned-char -W -Wall -Werror=return-type -Werror=address -Werror=sequence-point -Wformat -Werror=format-security -Wmissing-declarations -Wmissing-prototypes -Wstrict-prototypes -Wundef -Winit-self -Wpointer-arith -Wshadow -Wno-narrowing -Wno-array-bounds -Wno-aggressive-loop-optimizations -fdiagnostics-show-option -Wno-long-long -pthread -fomit-frame-pointer -msse -msse2 -msse3 -ffunction-sections  -O3 -DNDEBUG   -o CMakeFiles/cmTC_d5c16.dir/CheckIncludeFile.c.o   -c /cygdrive/c/Users/Feng/Documents/Project/SPR/occam_camera/opencv-2.4.13/CMakeFiles/CMakeTmp/CheckIncludeFile.c
/cygdrive/c/Users/Feng/Documents/Project/SPR/occam_camera/opencv-2.4.13/CMakeFiles/CMakeTmp/CheckIncludeFile.c:1:29: fatal error: linux/videodev2.h: No such file or directory
compilation terminated.
make[1]: *** [CMakeFiles/cmTC_d5c16.dir/build.make:66: CMakeFiles/cmTC_d5c16.dir/CheckIncludeFile.c.o] Error 1
make[1]: Leaving directory '/cygdrive/c/Users/Feng/Documents/Project/SPR/occam_camera/opencv-2.4.13/CMakeFiles/CMakeTmp'
make: *** [Makefile:126: cmTC_d5c16/fast] Error 2


Determining if the include file sys/videoio.h exists failed with the following output:
Change Dir: /cygdrive/c/Users/Feng/Documents/Project/SPR/occam_camera/opencv-2.4.13/CMakeFiles/CMakeTmp

Run Build Command:"/usr/bin/make.exe" "cmTC_7e2ee/fast"
/usr/bin/make -f CMakeFiles/cmTC_7e2ee.dir/build.make CMakeFiles/cmTC_7e2ee.dir/build
make[1]: Entering directory '/cygdrive/c/Users/Feng/Documents/Project/SPR/occam_camera/opencv-2.4.13/CMakeFiles/CMakeTmp'
Building C object CMakeFiles/cmTC_7e2ee.dir/CheckIncludeFile.c.o
/usr/bin/cc    -fsigned-char -W -Wall -Werror=return-type -Werror=address -Werror=sequence-point -Wformat -Werror=format-security -Wmissing-declarations -Wmissing-prototypes -Wstrict-prototypes -Wundef -Winit-self -Wpointer-arith -Wshadow -Wno-narrowing -Wno-array-bounds -Wno-aggressive-loop-optimizations -fdiagnostics-show-option -Wno-long-long -pthread -fomit-frame-pointer -msse -msse2 -msse3 -ffunction-sections  -O3 -DNDEBUG   -o CMakeFiles/cmTC_7e2ee.dir/CheckIncludeFile.c.o   -c /cygdrive/c/Users/Feng/Documents/Project/SPR/occam_camera/opencv-2.4.13/CMakeFiles/CMakeTmp/CheckIncludeFile.c
/cygdrive/c/Users/Feng/Documents/Project/SPR/occam_camera/opencv-2.4.13/CMakeFiles/CMakeTmp/CheckIncludeFile.c:1:25: fatal error: sys/videoio.h: No such file or directory
compilation terminated.
make[1]: *** [CMakeFiles/cmTC_7e2ee.dir/build.make:66: CMakeFiles/cmTC_7e2ee.dir/CheckIncludeFile.c.o] Error 1
make[1]: Leaving directory '/cygdrive/c/Users/Feng/Documents/Project/SPR/occam_camera/opencv-2.4.13/CMakeFiles/CMakeTmp'
make: *** [Makefile:126: cmTC_7e2ee/fast] Error 2


Determining if the include file ffmpeg/avformat.h exists failed with the following output:
Change Dir: /cygdrive/c/Users/Feng/Documents/Project/SPR/occam_camera/opencv-2.4.13/CMakeFiles/CMakeTmp

Run Build Command:"/usr/bin/make.exe" "cmTC_b68c9/fast"
/usr/bin/make -f CMakeFiles/cmTC_b68c9.dir/build.make CMakeFiles/cmTC_b68c9.dir/build
make[1]: Entering directory '/cygdrive/c/Users/Feng/Documents/Project/SPR/occam_camera/opencv-2.4.13/CMakeFiles/CMakeTmp'
Building C object CMakeFiles/cmTC_b68c9.dir/CheckIncludeFile.c.o
/usr/bin/cc    -fsigned-char -W -Wall -Werror=return-type -Werror=address -Werror=sequence-point -Wformat -Werror=format-security -Wmissing-declarations -Wmissing-prototypes -Wstrict-prototypes -Wundef -Winit-self -Wpointer-arith -Wshadow -Wno-narrowing -Wno-array-bounds -Wno-aggressive-loop-optimizations -fdiagnostics-show-option -Wno-long-long -pthread -fomit-frame-pointer -msse -msse2 -msse3 -ffunction-sections  -O3 -DNDEBUG   -o CMakeFiles/cmTC_b68c9.dir/CheckIncludeFile.c.o   -c /cygdrive/c/Users/Feng/Documents/Project/SPR/occam_camera/opencv-2.4.13/CMakeFiles/CMakeTmp/CheckIncludeFile.c
/cygdrive/c/Users/Feng/Documents/Project/SPR/occam_camera/opencv-2.4.13/CMakeFiles/CMakeTmp/CheckIncludeFile.c:1:29: fatal error: ffmpeg/avformat.h: No such file or directory
compilation terminated.
make[1]: *** [CMakeFiles/cmTC_b68c9.dir/build.make:66: CMakeFiles/cmTC_b68c9.dir/CheckIncludeFile.c.o] Error 1
make[1]: Leaving directory '/cygdrive/c/Users/Feng/Documents/Project/SPR/occam_camera/opencv-2.4.13/CMakeFiles/CMakeTmp'
make: *** [Makefile:126: cmTC_b68c9/fast] Error 2


Determining if the include file linux/videodev.h exists failed with the following output:
Change Dir: /cygdrive/c/Users/Feng/Documents/Project/SPR/occam_camera/opencv-2.4.13/CMakeFiles/CMakeTmp

Run Build Command:"/usr/bin/make.exe" "cmTC_32cdd/fast"
/usr/bin/make -f CMakeFiles/cmTC_32cdd.dir/build.make CMakeFiles/cmTC_32cdd.dir/build
make[1]: Entering directory '/cygdrive/c/Users/Feng/Documents/Project/SPR/occam_camera/opencv-2.4.13/CMakeFiles/CMakeTmp'
Building C object CMakeFiles/cmTC_32cdd.dir/CheckIncludeFile.c.o
/usr/bin/cc    -fsigned-char -W -Wall -Werror=return-type -Werror=address -Werror=sequence-point -Wformat -Werror=format-security -Wmissing-declarations -Wmissing-prototypes -Wstrict-prototypes -Wundef -Winit-self -Wpointer-arith -Wshadow -Wno-narrowing -Wno-array-bounds -Wno-aggressive-loop-optimizations -fdiagnostics-show-option -Wno-long-long -pthread -fomit-frame-pointer -msse -msse2 -msse3 -ffunction-sections  -O3 -DNDEBUG   -o CMakeFiles/cmTC_32cdd.dir/CheckIncludeFile.c.o   -c /cygdrive/c/Users/Feng/Documents/Project/SPR/occam_camera/opencv-2.4.13/CMakeFiles/CMakeTmp/CheckIncludeFile.c
/cygdrive/c/Users/Feng/Documents/Project/SPR/occam_camera/opencv-2.4.13/CMakeFiles/CMakeTmp/CheckIncludeFile.c:1:28: fatal error: linux/videodev.h: No such file or directory
compilation terminated.
make[1]: *** [CMakeFiles/cmTC_32cdd.dir/build.make:66: CMakeFiles/cmTC_32cdd.dir/CheckIncludeFile.c.o] Error 1
make[1]: Leaving directory '/cygdrive/c/Users/Feng/Documents/Project/SPR/occam_camera/opencv-2.4.13/CMakeFiles/CMakeTmp'
make: *** [Makefile:126: cmTC_32cdd/fast] Error 2


Determining if the include file linux/videodev2.h exists failed with the following output:
Change Dir: /cygdrive/c/Users/Feng/Documents/Project/SPR/occam_camera/opencv-2.4.13/CMakeFiles/CMakeTmp

Run Build Command:"/usr/bin/make.exe" "cmTC_34849/fast"
/usr/bin/make -f CMakeFiles/cmTC_34849.dir/build.make CMakeFiles/cmTC_34849.dir/build
make[1]: Entering directory '/cygdrive/c/Users/Feng/Documents/Project/SPR/occam_camera/opencv-2.4.13/CMakeFiles/CMakeTmp'
Building C object CMakeFiles/cmTC_34849.dir/CheckIncludeFile.c.o
/usr/bin/cc    -fsigned-char -W -Wall -Werror=return-type -Werror=address -Werror=sequence-point -Wformat -Werror=format-security -Wmissing-declarations -Wmissing-prototypes -Wstrict-prototypes -Wundef -Winit-self -Wpointer-arith -Wshadow -Wno-narrowing -Wno-array-bounds -Wno-aggressive-loop-optimizations -fdiagnostics-show-option -Wno-long-long -pthread -fomit-frame-pointer -msse -msse2 -msse3 -ffunction-sections  -O3 -DNDEBUG   -o CMakeFiles/cmTC_34849.dir/CheckIncludeFile.c.o   -c /cygdrive/c/Users/Feng/Documents/Project/SPR/occam_camera/opencv-2.4.13/CMakeFiles/CMakeTmp/CheckIncludeFile.c
/cygdrive/c/Users/Feng/Documents/Project/SPR/occam_camera/opencv-2.4.13/CMakeFiles/CMakeTmp/CheckIncludeFile.c:1:29: fatal error: linux/videodev2.h: No such file or directory
compilation terminated.
make[1]: *** [CMakeFiles/cmTC_34849.dir/build.make:66: CMakeFiles/cmTC_34849.dir/CheckIncludeFile.c.o] Error 1
make[1]: Leaving directory '/cygdrive/c/Users/Feng/Documents/Project/SPR/occam_camera/opencv-2.4.13/CMakeFiles/CMakeTmp'
make: *** [Makefile:126: cmTC_34849/fast] Error 2


Determining if the include file sys/videoio.h exists failed with the following output:
Change Dir: /cygdrive/c/Users/Feng/Documents/Project/SPR/occam_camera/opencv-2.4.13/CMakeFiles/CMakeTmp

Run Build Command:"/usr/bin/make.exe" "cmTC_7f02f/fast"
/usr/bin/make -f CMakeFiles/cmTC_7f02f.dir/build.make CMakeFiles/cmTC_7f02f.dir/build
make[1]: Entering directory '/cygdrive/c/Users/Feng/Documents/Project/SPR/occam_camera/opencv-2.4.13/CMakeFiles/CMakeTmp'
Building C object CMakeFiles/cmTC_7f02f.dir/CheckIncludeFile.c.o
/usr/bin/cc    -fsigned-char -W -Wall -Werror=return-type -Werror=address -Werror=sequence-point -Wformat -Werror=format-security -Wmissing-declarations -Wmissing-prototypes -Wstrict-prototypes -Wundef -Winit-self -Wpointer-arith -Wshadow -Wno-narrowing -Wno-array-bounds -Wno-aggressive-loop-optimizations -fdiagnostics-show-option -Wno-long-long -pthread -fomit-frame-pointer -msse -msse2 -msse3 -ffunction-sections  -O3 -DNDEBUG   -o CMakeFiles/cmTC_7f02f.dir/CheckIncludeFile.c.o   -c /cygdrive/c/Users/Feng/Documents/Project/SPR/occam_camera/opencv-2.4.13/CMakeFiles/CMakeTmp/CheckIncludeFile.c
/cygdrive/c/Users/Feng/Documents/Project/SPR/occam_camera/opencv-2.4.13/CMakeFiles/CMakeTmp/CheckIncludeFile.c:1:25: fatal error: sys/videoio.h: No such file or directory
compilation terminated.
make[1]: *** [CMakeFiles/cmTC_7f02f.dir/build.make:66: CMakeFiles/cmTC_7f02f.dir/CheckIncludeFile.c.o] Error 1
make[1]: Leaving directory '/cygdrive/c/Users/Feng/Documents/Project/SPR/occam_camera/opencv-2.4.13/CMakeFiles/CMakeTmp'
make: *** [Makefile:126: cmTC_7f02f/fast] Error 2


Determining if the include file ffmpeg/avformat.h exists failed with the following output:
Change Dir: /cygdrive/c/Users/Feng/Documents/Project/SPR/occam_camera/opencv-2.4.13/CMakeFiles/CMakeTmp

Run Build Command:"/usr/bin/make.exe" "cmTC_c2fb0/fast"
/usr/bin/make -f CMakeFiles/cmTC_c2fb0.dir/build.make CMakeFiles/cmTC_c2fb0.dir/build
make[1]: Entering directory '/cygdrive/c/Users/Feng/Documents/Project/SPR/occam_camera/opencv-2.4.13/CMakeFiles/CMakeTmp'
Building C object CMakeFiles/cmTC_c2fb0.dir/CheckIncludeFile.c.o
/usr/bin/cc    -fsigned-char -W -Wall -Werror=return-type -Werror=address -Werror=sequence-point -Wformat -Werror=format-security -Wmissing-declarations -Wmissing-prototypes -Wstrict-prototypes -Wundef -Winit-self -Wpointer-arith -Wshadow -Wno-narrowing -Wno-array-bounds -Wno-aggressive-loop-optimizations -fdiagnostics-show-option -Wno-long-long -pthread -fomit-frame-pointer -msse -msse2 -msse3 -ffunction-sections  -O3 -DNDEBUG   -o CMakeFiles/cmTC_c2fb0.dir/CheckIncludeFile.c.o   -c /cygdrive/c/Users/Feng/Documents/Project/SPR/occam_camera/opencv-2.4.13/CMakeFiles/CMakeTmp/CheckIncludeFile.c
/cygdrive/c/Users/Feng/Documents/Project/SPR/occam_camera/opencv-2.4.13/CMakeFiles/CMakeTmp/CheckIncludeFile.c:1:29: fatal error: ffmpeg/avformat.h: No such file or directory
compilation terminated.
make[1]: *** [CMakeFiles/cmTC_c2fb0.dir/build.make:66: CMakeFiles/cmTC_c2fb0.dir/CheckIncludeFile.c.o] Error 1
make[1]: Leaving directory '/cygdrive/c/Users/Feng/Documents/Project/SPR/occam_camera/opencv-2.4.13/CMakeFiles/CMakeTmp'
make: *** [Makefile:126: cmTC_c2fb0/fast] Error 2


Determining if the include file linux/videodev.h exists failed with the following output:
Change Dir: /cygdrive/c/Users/Feng/Documents/Project/SPR/occam_camera/opencv-2.4.13/CMakeFiles/CMakeTmp

Run Build Command:"/usr/bin/make.exe" "cmTC_2ea88/fast"
/usr/bin/make -f CMakeFiles/cmTC_2ea88.dir/build.make CMakeFiles/cmTC_2ea88.dir/build
make[1]: Entering directory '/cygdrive/c/Users/Feng/Documents/Project/SPR/occam_camera/opencv-2.4.13/CMakeFiles/CMakeTmp'
Building C object CMakeFiles/cmTC_2ea88.dir/CheckIncludeFile.c.o
/usr/bin/cc    -fsigned-char -W -Wall -Werror=return-type -Werror=address -Werror=sequence-point -Wformat -Werror=format-security -Wmissing-declarations -Wmissing-prototypes -Wstrict-prototypes -Wundef -Winit-self -Wpointer-arith -Wshadow -Wno-narrowing -Wno-array-bounds -Wno-aggressive-loop-optimizations -fdiagnostics-show-option -Wno-long-long -pthread -fomit-frame-pointer -msse -msse2 -msse3 -ffunction-sections  -O3 -DNDEBUG   -o CMakeFiles/cmTC_2ea88.dir/CheckIncludeFile.c.o   -c /cygdrive/c/Users/Feng/Documents/Project/SPR/occam_camera/opencv-2.4.13/CMakeFiles/CMakeTmp/CheckIncludeFile.c
/cygdrive/c/Users/Feng/Documents/Project/SPR/occam_camera/opencv-2.4.13/CMakeFiles/CMakeTmp/CheckIncludeFile.c:1:28: fatal error: linux/videodev.h: No such file or directory
compilation terminated.
make[1]: *** [CMakeFiles/cmTC_2ea88.dir/build.make:66: CMakeFiles/cmTC_2ea88.dir/CheckIncludeFile.c.o] Error 1
make[1]: Leaving directory '/cygdrive/c/Users/Feng/Documents/Project/SPR/occam_camera/opencv-2.4.13/CMakeFiles/CMakeTmp'
make: *** [Makefile:126: cmTC_2ea88/fast] Error 2


Determining if the include file linux/videodev2.h exists failed with the following output:
Change Dir: /cygdrive/c/Users/Feng/Documents/Project/SPR/occam_camera/opencv-2.4.13/CMakeFiles/CMakeTmp

Run Build Command:"/usr/bin/make.exe" "cmTC_ba5ef/fast"
/usr/bin/make -f CMakeFiles/cmTC_ba5ef.dir/build.make CMakeFiles/cmTC_ba5ef.dir/build
make[1]: Entering directory '/cygdrive/c/Users/Feng/Documents/Project/SPR/occam_camera/opencv-2.4.13/CMakeFiles/CMakeTmp'
Building C object CMakeFiles/cmTC_ba5ef.dir/CheckIncludeFile.c.o
/usr/bin/cc    -fsigned-char -W -Wall -Werror=return-type -Werror=address -Werror=sequence-point -Wformat -Werror=format-security -Wmissing-declarations -Wmissing-prototypes -Wstrict-prototypes -Wundef -Winit-self -Wpointer-arith -Wshadow -Wno-narrowing -Wno-array-bounds -Wno-aggressive-loop-optimizations -fdiagnostics-show-option -Wno-long-long -pthread -fomit-frame-pointer -msse -msse2 -msse3 -ffunction-sections  -O3 -DNDEBUG   -o CMakeFiles/cmTC_ba5ef.dir/CheckIncludeFile.c.o   -c /cygdrive/c/Users/Feng/Documents/Project/SPR/occam_camera/opencv-2.4.13/CMakeFiles/CMakeTmp/CheckIncludeFile.c
/cygdrive/c/Users/Feng/Documents/Project/SPR/occam_camera/opencv-2.4.13/CMakeFiles/CMakeTmp/CheckIncludeFile.c:1:29: fatal error: linux/videodev2.h: No such file or directory
compilation terminated.
make[1]: *** [CMakeFiles/cmTC_ba5ef.dir/build.make:66: CMakeFiles/cmTC_ba5ef.dir/CheckIncludeFile.c.o] Error 1
make[1]: Leaving directory '/cygdrive/c/Users/Feng/Documents/Project/SPR/occam_camera/opencv-2.4.13/CMakeFiles/CMakeTmp'
make: *** [Makefile:126: cmTC_ba5ef/fast] Error 2


Determining if the include file sys/videoio.h exists failed with the following output:
Change Dir: /cygdrive/c/Users/Feng/Documents/Project/SPR/occam_camera/opencv-2.4.13/CMakeFiles/CMakeTmp

Run Build Command:"/usr/bin/make.exe" "cmTC_15766/fast"
/usr/bin/make -f CMakeFiles/cmTC_15766.dir/build.make CMakeFiles/cmTC_15766.dir/build
make[1]: Entering directory '/cygdrive/c/Users/Feng/Documents/Project/SPR/occam_camera/opencv-2.4.13/CMakeFiles/CMakeTmp'
Building C object CMakeFiles/cmTC_15766.dir/CheckIncludeFile.c.o
/usr/bin/cc    -fsigned-char -W -Wall -Werror=return-type -Werror=address -Werror=sequence-point -Wformat -Werror=format-security -Wmissing-declarations -Wmissing-prototypes -Wstrict-prototypes -Wundef -Winit-self -Wpointer-arith -Wshadow -Wno-narrowing -Wno-array-bounds -Wno-aggressive-loop-optimizations -fdiagnostics-show-option -Wno-long-long -pthread -fomit-frame-pointer -msse -msse2 -msse3 -ffunction-sections  -O3 -DNDEBUG   -o CMakeFiles/cmTC_15766.dir/CheckIncludeFile.c.o   -c /cygdrive/c/Users/Feng/Documents/Project/SPR/occam_camera/opencv-2.4.13/CMakeFiles/CMakeTmp/CheckIncludeFile.c
/cygdrive/c/Users/Feng/Documents/Project/SPR/occam_camera/opencv-2.4.13/CMakeFiles/CMakeTmp/CheckIncludeFile.c:1:25: fatal error: sys/videoio.h: No such file or directory
compilation terminated.
make[1]: *** [CMakeFiles/cmTC_15766.dir/build.make:66: CMakeFiles/cmTC_15766.dir/CheckIncludeFile.c.o] Error 1
make[1]: Leaving directory '/cygdrive/c/Users/Feng/Documents/Project/SPR/occam_camera/opencv-2.4.13/CMakeFiles/CMakeTmp'
make: *** [Makefile:126: cmTC_15766/fast] Error 2


Determining if the include file ffmpeg/avformat.h exists failed with the following output:
Change Dir: /cygdrive/c/Users/Feng/Documents/Project/SPR/occam_camera/opencv-2.4.13/CMakeFiles/CMakeTmp

Run Build Command:"/usr/bin/make.exe" "cmTC_01e79/fast"
/usr/bin/make -f CMakeFiles/cmTC_01e79.dir/build.make CMakeFiles/cmTC_01e79.dir/build
make[1]: Entering directory '/cygdrive/c/Users/Feng/Documents/Project/SPR/occam_camera/opencv-2.4.13/CMakeFiles/CMakeTmp'
Building C object CMakeFiles/cmTC_01e79.dir/CheckIncludeFile.c.o
/usr/bin/cc    -fsigned-char -W -Wall -Werror=return-type -Werror=address -Werror=sequence-point -Wformat -Werror=format-security -Wmissing-declarations -Wmissing-prototypes -Wstrict-prototypes -Wundef -Winit-self -Wpointer-arith -Wshadow -Wno-narrowing -Wno-array-bounds -Wno-aggressive-loop-optimizations -fdiagnostics-show-option -Wno-long-long -pthread -fomit-frame-pointer -msse -msse2 -msse3 -ffunction-sections  -O3 -DNDEBUG   -o CMakeFiles/cmTC_01e79.dir/CheckIncludeFile.c.o   -c /cygdrive/c/Users/Feng/Documents/Project/SPR/occam_camera/opencv-2.4.13/CMakeFiles/CMakeTmp/CheckIncludeFile.c
/cygdrive/c/Users/Feng/Documents/Project/SPR/occam_camera/opencv-2.4.13/CMakeFiles/CMakeTmp/CheckIncludeFile.c:1:29: fatal error: ffmpeg/avformat.h: No such file or directory
compilation terminated.
make[1]: *** [CMakeFiles/cmTC_01e79.dir/build.make:66: CMakeFiles/cmTC_01e79.dir/CheckIncludeFile.c.o] Error 1
make[1]: Leaving directory '/cygdrive/c/Users/Feng/Documents/Project/SPR/occam_camera/opencv-2.4.13/CMakeFiles/CMakeTmp'
make: *** [Makefile:126: cmTC_01e79/fast] Error 2


Determining if the include file linux/videodev.h exists failed with the following output:
Change Dir: /cygdrive/c/Users/Feng/Documents/Project/SPR/occam_camera/opencv-2.4.13/CMakeFiles/CMakeTmp

Run Build Command:"/usr/bin/make.exe" "cmTC_31e3d/fast"
/usr/bin/make -f CMakeFiles/cmTC_31e3d.dir/build.make CMakeFiles/cmTC_31e3d.dir/build
make[1]: Entering directory '/cygdrive/c/Users/Feng/Documents/Project/SPR/occam_camera/opencv-2.4.13/CMakeFiles/CMakeTmp'
Building C object CMakeFiles/cmTC_31e3d.dir/CheckIncludeFile.c.o
/usr/bin/cc    -fsigned-char -W -Wall -Werror=return-type -Werror=address -Werror=sequence-point -Wformat -Werror=format-security -Wmissing-declarations -Wmissing-prototypes -Wstrict-prototypes -Wundef -Winit-self -Wpointer-arith -Wshadow -Wno-narrowing -Wno-array-bounds -Wno-aggressive-loop-optimizations -fdiagnostics-show-option -Wno-long-long -pthread -fomit-frame-pointer -msse -msse2 -msse3 -ffunction-sections  -O3 -DNDEBUG   -o CMakeFiles/cmTC_31e3d.dir/CheckIncludeFile.c.o   -c /cygdrive/c/Users/Feng/Documents/Project/SPR/occam_camera/opencv-2.4.13/CMakeFiles/CMakeTmp/CheckIncludeFile.c
/cygdrive/c/Users/Feng/Documents/Project/SPR/occam_camera/opencv-2.4.13/CMakeFiles/CMakeTmp/CheckIncludeFile.c:1:28: fatal error: linux/videodev.h: No such file or directory
compilation terminated.
make[1]: *** [CMakeFiles/cmTC_31e3d.dir/build.make:66: CMakeFiles/cmTC_31e3d.dir/CheckIncludeFile.c.o] Error 1
make[1]: Leaving directory '/cygdrive/c/Users/Feng/Documents/Project/SPR/occam_camera/opencv-2.4.13/CMakeFiles/CMakeTmp'
make: *** [Makefile:126: cmTC_31e3d/fast] Error 2


Determining if the include file linux/videodev2.h exists failed with the following output:
Change Dir: /cygdrive/c/Users/Feng/Documents/Project/SPR/occam_camera/opencv-2.4.13/CMakeFiles/CMakeTmp

Run Build Command:"/usr/bin/make.exe" "cmTC_286ff/fast"
/usr/bin/make -f CMakeFiles/cmTC_286ff.dir/build.make CMakeFiles/cmTC_286ff.dir/build
make[1]: Entering directory '/cygdrive/c/Users/Feng/Documents/Project/SPR/occam_camera/opencv-2.4.13/CMakeFiles/CMakeTmp'
Building C object CMakeFiles/cmTC_286ff.dir/CheckIncludeFile.c.o
/usr/bin/cc    -fsigned-char -W -Wall -Werror=return-type -Werror=address -Werror=sequence-point -Wformat -Werror=format-security -Wmissing-declarations -Wmissing-prototypes -Wstrict-prototypes -Wundef -Winit-self -Wpointer-arith -Wshadow -Wno-narrowing -Wno-array-bounds -Wno-aggressive-loop-optimizations -fdiagnostics-show-option -Wno-long-long -pthread -fomit-frame-pointer -msse -msse2 -msse3 -ffunction-sections  -O3 -DNDEBUG   -o CMakeFiles/cmTC_286ff.dir/CheckIncludeFile.c.o   -c /cygdrive/c/Users/Feng/Documents/Project/SPR/occam_camera/opencv-2.4.13/CMakeFiles/CMakeTmp/CheckIncludeFile.c
/cygdrive/c/Users/Feng/Documents/Project/SPR/occam_camera/opencv-2.4.13/CMakeFiles/CMakeTmp/CheckIncludeFile.c:1:29: fatal error: linux/videodev2.h: No such file or directory
compilation terminated.
make[1]: *** [CMakeFiles/cmTC_286ff.dir/build.make:66: CMakeFiles/cmTC_286ff.dir/CheckIncludeFile.c.o] Error 1
make[1]: Leaving directory '/cygdrive/c/Users/Feng/Documents/Project/SPR/occam_camera/opencv-2.4.13/CMakeFiles/CMakeTmp'
make: *** [Makefile:126: cmTC_286ff/fast] Error 2


Determining if the include file sys/videoio.h exists failed with the following output:
Change Dir: /cygdrive/c/Users/Feng/Documents/Project/SPR/occam_camera/opencv-2.4.13/CMakeFiles/CMakeTmp

Run Build Command:"/usr/bin/make.exe" "cmTC_5b381/fast"
/usr/bin/make -f CMakeFiles/cmTC_5b381.dir/build.make CMakeFiles/cmTC_5b381.dir/build
make[1]: Entering directory '/cygdrive/c/Users/Feng/Documents/Project/SPR/occam_camera/opencv-2.4.13/CMakeFiles/CMakeTmp'
Building C object CMakeFiles/cmTC_5b381.dir/CheckIncludeFile.c.o
/usr/bin/cc    -fsigned-char -W -Wall -Werror=return-type -Werror=address -Werror=sequence-point -Wformat -Werror=format-security -Wmissing-declarations -Wmissing-prototypes -Wstrict-prototypes -Wundef -Winit-self -Wpointer-arith -Wshadow -Wno-narrowing -Wno-array-bounds -Wno-aggressive-loop-optimizations -fdiagnostics-show-option -Wno-long-long -pthread -fomit-frame-pointer -msse -msse2 -msse3 -ffunction-sections  -O3 -DNDEBUG   -o CMakeFiles/cmTC_5b381.dir/CheckIncludeFile.c.o   -c /cygdrive/c/Users/Feng/Documents/Project/SPR/occam_camera/opencv-2.4.13/CMakeFiles/CMakeTmp/CheckIncludeFile.c
/cygdrive/c/Users/Feng/Documents/Project/SPR/occam_camera/opencv-2.4.13/CMakeFiles/CMakeTmp/CheckIncludeFile.c:1:25: fatal error: sys/videoio.h: No such file or directory
compilation terminated.
make[1]: *** [CMakeFiles/cmTC_5b381.dir/build.make:66: CMakeFiles/cmTC_5b381.dir/CheckIncludeFile.c.o] Error 1
make[1]: Leaving directory '/cygdrive/c/Users/Feng/Documents/Project/SPR/occam_camera/opencv-2.4.13/CMakeFiles/CMakeTmp'
make: *** [Makefile:126: cmTC_5b381/fast] Error 2


Determining if the include file ffmpeg/avformat.h exists failed with the following output:
Change Dir: /cygdrive/c/Users/Feng/Documents/Project/SPR/occam_camera/opencv-2.4.13/CMakeFiles/CMakeTmp

Run Build Command:"/usr/bin/make.exe" "cmTC_6d7d1/fast"
/usr/bin/make -f CMakeFiles/cmTC_6d7d1.dir/build.make CMakeFiles/cmTC_6d7d1.dir/build
make[1]: Entering directory '/cygdrive/c/Users/Feng/Documents/Project/SPR/occam_camera/opencv-2.4.13/CMakeFiles/CMakeTmp'
Building C object CMakeFiles/cmTC_6d7d1.dir/CheckIncludeFile.c.o
/usr/bin/cc    -fsigned-char -W -Wall -Werror=return-type -Werror=address -Werror=sequence-point -Wformat -Werror=format-security -Wmissing-declarations -Wmissing-prototypes -Wstrict-prototypes -Wundef -Winit-self -Wpointer-arith -Wshadow -Wno-narrowing -Wno-array-bounds -Wno-aggressive-loop-optimizations -fdiagnostics-show-option -Wno-long-long -pthread -fomit-frame-pointer -msse -msse2 -msse3 -ffunction-sections  -O3 -DNDEBUG   -o CMakeFiles/cmTC_6d7d1.dir/CheckIncludeFile.c.o   -c /cygdrive/c/Users/Feng/Documents/Project/SPR/occam_camera/opencv-2.4.13/CMakeFiles/CMakeTmp/CheckIncludeFile.c
/cygdrive/c/Users/Feng/Documents/Project/SPR/occam_camera/opencv-2.4.13/CMakeFiles/CMakeTmp/CheckIncludeFile.c:1:29: fatal error: ffmpeg/avformat.h: No such file or directory
compilation terminated.
make[1]: *** [CMakeFiles/cmTC_6d7d1.dir/build.make:66: CMakeFiles/cmTC_6d7d1.dir/CheckIncludeFile.c.o] Error 1
make[1]: Leaving directory '/cygdrive/c/Users/Feng/Documents/Project/SPR/occam_camera/opencv-2.4.13/CMakeFiles/CMakeTmp'
make: *** [Makefile:126: cmTC_6d7d1/fast] Error 2


